info: Server started at http://localhost:3000/api/v1/ {"timestamp":"2024-08-22T18:55:54.491Z"}
info: Connected to the database. {"timestamp":"2024-08-22T18:55:54.671Z"}
info: Server started at http://localhost:3000/api/v1/ {"timestamp":"2024-08-22T18:56:25.915Z"}
info: Connected to the database. {"timestamp":"2024-08-22T18:56:26.108Z"}
info: Server started at http://localhost:3000/api/v1/ {"timestamp":"2024-08-22T19:25:22.006Z"}
info: Connected to the database. {"timestamp":"2024-08-22T19:25:22.204Z"}
info: Server started at http://localhost:3000/api/v1/ {"timestamp":"2024-08-22T19:30:30.957Z"}
info: Connected to the database. {"timestamp":"2024-08-22T19:30:31.420Z"}
info: Server started at http://localhost:3000/api/v1/ {"timestamp":"2024-08-22T19:34:00.692Z"}
info: Connected to the database. {"timestamp":"2024-08-22T19:34:00.963Z"}
info: Server started at http://localhost:3000/api/v1/ {"timestamp":"2024-08-22T19:34:06.914Z"}
info: Connected to the database. {"timestamp":"2024-08-22T19:34:07.048Z"}
info: Server started at http://localhost:3000/api/v1/ {"timestamp":"2024-08-22T19:35:08.768Z"}
info: Connected to the database. {"timestamp":"2024-08-22T19:35:08.911Z"}
info: Server started at http://localhost:3000/api/v1/ {"timestamp":"2024-08-22T19:35:13.466Z"}
info: Connected to the database. {"timestamp":"2024-08-22T19:35:13.593Z"}
info: Server started at http://localhost:3000/api/v1/ {"timestamp":"2024-08-22T19:45:51.848Z"}
info: Connected to the database. {"timestamp":"2024-08-22T19:45:52.041Z"}
info: Server started at http://localhost:3000/api/v1/ {"timestamp":"2024-08-22T19:45:55.536Z"}
info: Connected to the database. {"timestamp":"2024-08-22T19:45:55.676Z"}
info: Server started at http://localhost:3000/api/v1/ {"timestamp":"2024-08-22T19:45:59.604Z"}
info: Connected to the database. {"timestamp":"2024-08-22T19:45:59.740Z"}
info: Connected to the database. {"timestamp":"2024-08-23T03:13:10.450Z"}
info: Server started at http://localhost:3000/api/v1/ {"timestamp":"2024-08-23T03:13:18.290Z"}
info: Connected to the database. {"timestamp":"2024-08-23T03:13:18.450Z"}
info: Connected to the database. {"timestamp":"2024-08-23T03:15:06.474Z"}
info: Connected to the database. {"timestamp":"2024-08-23T03:15:10.881Z"}
info: Connected to the database. {"timestamp":"2024-08-23T03:15:14.890Z"}
info: Connected to the database. {"timestamp":"2024-08-23T03:15:18.955Z"}
info: Server started at http://localhost:3000/api/v1/ {"timestamp":"2024-08-23T03:15:25.075Z"}
info: Connected to the database. {"timestamp":"2024-08-23T03:15:25.230Z"}
info: Server started at http://localhost:3000/api/v1/ {"timestamp":"2024-08-23T03:16:06.983Z"}
info: Connected to the database. {"timestamp":"2024-08-23T03:16:07.157Z"}
info: Server started at http://localhost:3000/api/v1/ {"timestamp":"2024-08-23T03:16:14.374Z"}
info: Server started at http://localhost:3000/api/v1/ {"timestamp":"2024-08-23T03:16:15.417Z"}
info: Connected to the database. {"timestamp":"2024-08-23T03:16:15.563Z"}
info: Connected to the database. {"timestamp":"2024-08-23T03:16:56.284Z"}
info: Connected to the database. {"timestamp":"2024-08-23T03:17:58.502Z"}
info: Connected to the database. {"timestamp":"2024-08-23T03:18:02.427Z"}
info: Connected to the database. {"timestamp":"2024-08-23T03:18:06.420Z"}
info: Server started at http://localhost:3000/api/v1/ {"timestamp":"2024-08-23T03:18:10.359Z"}
info: Connected to the database. {"timestamp":"2024-08-23T03:18:10.605Z"}
info: Server started at http://localhost:3000/api/v1/ {"timestamp":"2024-08-23T03:22:58.863Z"}
info: Connected to the database. {"timestamp":"2024-08-23T03:22:59.026Z"}
info: Server started at http://localhost:3000/api/v1/ {"timestamp":"2024-08-23T03:23:19.684Z"}
info: Connected to the database. {"timestamp":"2024-08-23T03:23:19.867Z"}
info: Server started at http://localhost:3000/api/v1/ {"timestamp":"2024-08-23T03:23:44.171Z"}
info: Connected to the database. {"timestamp":"2024-08-23T03:23:44.321Z"}
info: Server started at http://localhost:3000/api/v1/ {"timestamp":"2024-08-23T03:23:45.853Z"}
info: Connected to the database. {"timestamp":"2024-08-23T03:23:46.020Z"}
info: Server started at http://localhost:3000/api/v1/ {"timestamp":"2024-08-23T03:24:24.231Z"}
info: Connected to the database. {"timestamp":"2024-08-23T03:24:24.364Z"}
info: Server started at http://localhost:3000/api/v1/ {"timestamp":"2024-08-23T03:24:44.638Z"}
info: Connected to the database. {"timestamp":"2024-08-23T03:24:44.925Z"}
info: Connected to the database. {"timestamp":"2024-08-23T03:26:52.613Z"}
info: Connected to the database. {"timestamp":"2024-08-23T03:26:56.670Z"}
info: Connected to the database. {"timestamp":"2024-08-23T03:27:19.944Z"}
info: Connected to the database. {"timestamp":"2024-08-23T03:27:23.995Z"}
info: Connected to the database. {"timestamp":"2024-08-23T03:27:28.071Z"}
info: Server started at http://localhost:3000/api/v1/ {"timestamp":"2024-08-23T03:27:31.959Z"}
info: Connected to the database. {"timestamp":"2024-08-23T03:27:33.346Z"}
info: Server started at http://localhost:3000/api/v1/ {"timestamp":"2024-08-23T03:27:37.151Z"}
info: Connected to the database. {"timestamp":"2024-08-23T03:27:37.279Z"}
info: Server started at http://localhost:3000/api/v1/ {"timestamp":"2024-08-23T03:27:38.841Z"}
info: Connected to the database. {"timestamp":"2024-08-23T03:27:39.086Z"}
info: Server started at http://localhost:3000/api/v1/ {"timestamp":"2024-08-23T03:27:49.454Z"}
info: Connected to the database. {"timestamp":"2024-08-23T03:27:49.618Z"}
info: Server started at http://localhost:3000/api/v1/ {"timestamp":"2024-08-23T03:29:15.244Z"}
info: Connected to the database. {"timestamp":"2024-08-23T03:29:15.426Z"}
error: 
      status - 400
      message - Authorization token is required 
      url - /api/v1/notes 
      method - POST 
      IP - ::1
     {"timestamp":"2024-08-23T03:34:48.870Z"}
info: Server started at http://localhost:3000/api/v1/ {"timestamp":"2024-08-23T03:37:52.736Z"}
info: Connected to the database. {"timestamp":"2024-08-23T03:37:53.060Z"}
info: Server started at http://localhost:3000/api/v1/ {"timestamp":"2024-08-23T03:39:08.262Z"}
info: Connected to the database. {"timestamp":"2024-08-23T03:39:08.402Z"}
error: 
    status - 500 
    message - Error: 
    at Query.run (D:\firstProject\Firstproject\node_modules\sequelize\src\dialects\postgres\query.js:76:25)
    at D:\firstProject\Firstproject\node_modules\sequelize\src\sequelize.js:650:28
    at processTicksAndRejections (node:internal/process/task_queues:95:5)
    at PostgresQueryInterface.insert (D:\firstProject\Firstproject\node_modules\sequelize\src\dialects\abstract\query-interface.js:795:21)
    at User.save (D:\firstProject\Firstproject\node_modules\sequelize\src\model.js:4154:35)
    at Function.create (D:\firstProject\Firstproject\node_modules\sequelize\src\model.js:2305:12) 
    url - /api/v1/users 
    method - POST 
    IP - ::1
   {"timestamp":"2024-08-23T06:10:58.426Z"}
info: Server started at http://localhost:3000/api/v1/ {"timestamp":"2024-08-23T06:11:49.582Z"}
info: Connected to the database. {"timestamp":"2024-08-23T06:11:49.860Z"}
error: 
    status - 500 
    message - Error: 
    at Query.run (D:\firstProject\Firstproject\node_modules\sequelize\src\dialects\postgres\query.js:76:25)
    at D:\firstProject\Firstproject\node_modules\sequelize\src\sequelize.js:650:28
    at processTicksAndRejections (node:internal/process/task_queues:95:5)
    at PostgresQueryInterface.insert (D:\firstProject\Firstproject\node_modules\sequelize\src\dialects\abstract\query-interface.js:795:21)
    at User.save (D:\firstProject\Firstproject\node_modules\sequelize\src\model.js:4154:35)
    at Function.create (D:\firstProject\Firstproject\node_modules\sequelize\src\model.js:2305:12) 
    url - /api/v1/users 
    method - POST 
    IP - ::1
   {"timestamp":"2024-08-23T06:12:03.193Z"}
info: Server started at http://localhost:3000/api/v1/ {"timestamp":"2024-08-23T08:18:39.917Z"}
info: Connected to the database. {"timestamp":"2024-08-23T08:18:40.375Z"}
info: Server started at http://localhost:3000/api/v1/ {"timestamp":"2024-08-23T10:52:15.616Z"}
info: Connected to the database. {"timestamp":"2024-08-23T10:52:16.015Z"}
info: Server started at http://localhost:3000/api/v1/ {"timestamp":"2024-08-23T10:52:52.967Z"}
info: Connected to the database. {"timestamp":"2024-08-23T10:52:53.760Z"}
error: 
    status - 500 
    message - Error
    at Query.run (D:\firstProject\Firstproject\node_modules\sequelize\src\dialects\postgres\query.js:76:25)
    at D:\firstProject\Firstproject\node_modules\sequelize\src\sequelize.js:650:28
    at processTicksAndRejections (node:internal/process/task_queues:95:5)
    at async PostgresQueryInterface.insert (D:\firstProject\Firstproject\node_modules\sequelize\src\dialects\abstract\query-interface.js:795:21)
    at async User.save (D:\firstProject\Firstproject\node_modules\sequelize\src\model.js:4154:35)
    at async Function.create (D:\firstProject\Firstproject\node_modules\sequelize\src\model.js:2305:12) 
    url - /api/v1/users 
    method - POST 
    IP - ::ffff:127.0.0.1
   {"timestamp":"2024-08-23T10:52:53.891Z"}
info: Server started at http://localhost:3000/api/v1/ {"timestamp":"2024-08-23T11:09:43.599Z"}
info: Connected to the database. {"timestamp":"2024-08-23T11:09:43.903Z"}
error: 
    status - 500 
    message - Error
    at Query.run (D:\firstProject\Firstproject\node_modules\sequelize\src\dialects\postgres\query.js:76:25)
    at D:\firstProject\Firstproject\node_modules\sequelize\src\sequelize.js:650:28
    at processTicksAndRejections (node:internal/process/task_queues:95:5)
    at async PostgresQueryInterface.insert (D:\firstProject\Firstproject\node_modules\sequelize\src\dialects\abstract\query-interface.js:795:21)
    at async User.save (D:\firstProject\Firstproject\node_modules\sequelize\src\model.js:4154:35)
    at async Function.create (D:\firstProject\Firstproject\node_modules\sequelize\src\model.js:2305:12) 
    url - /api/v1/users 
    method - POST 
    IP - ::ffff:127.0.0.1
   {"timestamp":"2024-08-23T11:09:43.973Z"}
info: Server started at http://localhost:3000/api/v1/ {"timestamp":"2024-08-23T11:12:05.408Z"}
info: Connected to the database. {"timestamp":"2024-08-23T11:12:05.618Z"}
error: 
    status - 500 
    message - Error
    at Query.run (D:\firstProject\Firstproject\node_modules\sequelize\src\dialects\postgres\query.js:76:25)
    at D:\firstProject\Firstproject\node_modules\sequelize\src\sequelize.js:650:28
    at processTicksAndRejections (node:internal/process/task_queues:95:5)
    at async PostgresQueryInterface.insert (D:\firstProject\Firstproject\node_modules\sequelize\src\dialects\abstract\query-interface.js:795:21)
    at async User.save (D:\firstProject\Firstproject\node_modules\sequelize\src\model.js:4154:35)
    at async Function.create (D:\firstProject\Firstproject\node_modules\sequelize\src\model.js:2305:12) 
    url - /api/v1/users 
    method - POST 
    IP - ::ffff:127.0.0.1
   {"timestamp":"2024-08-23T11:12:05.677Z"}
info: Server started at http://localhost:3000/api/v1/ {"timestamp":"2024-08-23T11:35:10.582Z"}
info: Connected to the database. {"timestamp":"2024-08-23T11:35:10.792Z"}
info: Server started at http://localhost:3000/api/v1/ {"timestamp":"2024-08-23T11:38:33.473Z"}
info: Connected to the database. {"timestamp":"2024-08-23T11:38:33.737Z"}
error: 
    status - 500 
    message - Error
    at Query.run (D:\firstProject\Firstproject\node_modules\sequelize\src\dialects\postgres\query.js:76:25)
    at D:\firstProject\Firstproject\node_modules\sequelize\src\sequelize.js:650:28
    at processTicksAndRejections (node:internal/process/task_queues:95:5)
    at async PostgresQueryInterface.insert (D:\firstProject\Firstproject\node_modules\sequelize\src\dialects\abstract\query-interface.js:795:21)
    at async User.save (D:\firstProject\Firstproject\node_modules\sequelize\src\model.js:4154:35)
    at async Function.create (D:\firstProject\Firstproject\node_modules\sequelize\src\model.js:2305:12) 
    url - /api/v1/users 
    method - POST 
    IP - ::ffff:127.0.0.1
   {"timestamp":"2024-08-23T11:38:33.812Z"}
